Using pre-set license
Built from '2020.2/staging' branch; Version is '2020.2.5f1 (e2c53f129de5) revision 14861631'; Using compiler version '192528614'; Build Type 'Release'
OS: 'Windows 10 Home; OS build 19041.928; Version 2004; 64bit' Language: 'ru' Physical Memory: 8029 MB
BatchMode: 1, IsHumanControllingUs: 0, StartBugReporterOnCrash: 0, Is64bit: 1, IsPro: 0

 COMMAND LINE ARGUMENTS:
D:\Unity\2020.2.5f1\Editor\Unity.exe
-adb2
-batchMode
-noUpm
-name
AssetImportWorker0
-projectPath
D:/UnityProject/WordGame/Word Game
-logFile
Logs/AssetImportWorker0.log
-srvPort
52718
Successfully changed project path to: D:/UnityProject/WordGame/Word Game
D:/UnityProject/WordGame/Word Game
Using Asset Import Pipeline V2.
Refreshing native plugins compatible for Editor in 20.58 ms, found 0 plugins.
Preloading 0 native plugins for Editor in 0.00 ms.
Initialize engine version: 2020.2.5f1 (e2c53f129de5)
[Subsystems] Discovering subsystems at path D:/Unity/2020.2.5f1/Editor/Data/Resources/UnitySubsystems
[Subsystems] Discovering subsystems at path D:/UnityProject/WordGame/Word Game/Assets
GfxDevice: creating device client; threaded=0
Direct3D:
    Version:  Direct3D 11.0 [level 11.1]
    Renderer: NVIDIA GeForce GTX 1660 Ti (ID=0x2191)
    Vendor:   
    VRAM:     5991 MB
    Driver:   27.21.14.5167
Initialize mono
Mono path[0] = 'D:/Unity/2020.2.5f1/Editor/Data/Managed'
Mono path[1] = 'D:/Unity/2020.2.5f1/Editor/Data/MonoBleedingEdge/lib/mono/unityjit'
Mono config path = 'D:/Unity/2020.2.5f1/Editor/Data/MonoBleedingEdge/etc'
Using monoOptions --debugger-agent=transport=dt_socket,embedding=1,server=y,suspend=n,address=127.0.0.1:56984
Begin MonoManager ReloadAssembly
Registering precompiled unity dll's ...
Register platform support module: D:/Unity/2020.2.5f1/Editor/Data/PlaybackEngines/WindowsStandaloneSupport/UnityEditor.WindowsStandalone.Extensions.dll
Registered in 0.001088 seconds.
Native extension for WindowsStandalone target not found
Refreshing native plugins compatible for Editor in 30.47 ms, found 0 plugins.
Preloading 0 native plugins for Editor in 0.00 ms.
Invoked RoslynAnalysisRunner static constructor.
RoslynAnalysisRunner will not be running.
RoslynAnalysisRunner has terminated.
Mono: successfully reloaded assembly
- Completed reload, in  1.629 seconds
Platform modules already initialized, skipping
Registering precompiled user dll's ...
Registered in 0.000526 seconds.
Begin MonoManager ReloadAssembly
Native extension for WindowsStandalone target not found
Refreshing native plugins compatible for Editor in 0.38 ms, found 0 plugins.
Preloading 0 native plugins for Editor in 0.00 ms.
Invoked RoslynAnalysisRunner static constructor.
RoslynAnalysisRunner will not be running.
RoslynAnalysisRunner has terminated.
Mono: successfully reloaded assembly
- Completed reload, in  1.092 seconds
Platform modules already initialized, skipping
========================================================================
Worker process is ready to serve import requests
Launched and connected shader compiler UnityShaderCompiler.exe after 0.06 seconds
Refreshing native plugins compatible for Editor in 0.33 ms, found 0 plugins.
Preloading 0 native plugins for Editor in 0.00 ms.
Unloading 1113 Unused Serialized files (Serialized files now loaded: 0)
System memory in use before: 57.1 MB.
System memory in use after: 57.2 MB.

Unloading 10 unused Assets to reduce memory usage. Loaded Objects now: 1556.
Total: 3.422800 ms (FindLiveObjects: 0.259100 ms CreateObjectMapping: 0.339600 ms MarkObjects: 2.706700 ms  DeleteObjects: 0.115600 ms)

========================================================================
Received Import Request.
  path: Assets/__Scripts/WordGame.cs
  artifactKey: Guid(33eed45ffb699284daf61d5f5e136b15) Importer(815301076,1909f56bfc062723c751e8b465ee728b)
Start importing Assets/__Scripts/WordGame.cs using Guid(33eed45ffb699284daf61d5f5e136b15) Importer(815301076,1909f56bfc062723c751e8b465ee728b)  -> (artifact id: 'b0b4c5e1115f9da237928b8fd140bac2') in 0.066150 seconds
  Import took 0.069340 seconds .

========================================================================
Received Prepare
Registering precompiled user dll's ...
Registered in 0.000544 seconds.
Begin MonoManager ReloadAssembly
Native extension for WindowsStandalone target not found
Refreshing native plugins compatible for Editor in 0.19 ms, found 0 plugins.
Preloading 0 native plugins for Editor in 0.00 ms.
Invoked RoslynAnalysisRunner static constructor.
RoslynAnalysisRunner will not be running.
RoslynAnalysisRunner has terminated.
Mono: successfully reloaded assembly
- Completed reload, in  0.725 seconds
Platform modules already initialized, skipping
Refreshing native plugins compatible for Editor in 0.17 ms, found 0 plugins.
Preloading 0 native plugins for Editor in 0.00 ms.
Unloading 1107 Unused Serialized files (Serialized files now loaded: 0)
System memory in use before: 57.0 MB.
System memory in use after: 57.1 MB.

Unloading 5 unused Assets to reduce memory usage. Loaded Objects now: 1558.
Total: 1.606900 ms (FindLiveObjects: 0.132400 ms CreateObjectMapping: 0.027200 ms MarkObjects: 1.387900 ms  DeleteObjects: 0.057500 ms)

========================================================================
Received Import Request.
  Time since last request: 4462.045068 seconds.
  path: Assets/__Scripts/ScoreManager.cs
  artifactKey: Guid(d33c6e0c6d161354eb8044142e1345ab) Importer(815301076,1909f56bfc062723c751e8b465ee728b)
Start importing Assets/__Scripts/ScoreManager.cs using Guid(d33c6e0c6d161354eb8044142e1345ab) Importer(815301076,1909f56bfc062723c751e8b465ee728b)  -> (artifact id: 'df4beeb67b5dc46c9f2f095a245705ad') in 0.009339 seconds
  Import took 0.011943 seconds .

========================================================================
Received Prepare
Registering precompiled user dll's ...
Registered in 0.001065 seconds.
Begin MonoManager ReloadAssembly
Native extension for WindowsStandalone target not found
Refreshing native plugins compatible for Editor in 0.28 ms, found 0 plugins.
Preloading 0 native plugins for Editor in 0.00 ms.
Invoked RoslynAnalysisRunner static constructor.
RoslynAnalysisRunner will not be running.
RoslynAnalysisRunner has terminated.
Mono: successfully reloaded assembly
- Completed reload, in  0.845 seconds
Platform modules already initialized, skipping
Refreshing native plugins compatible for Editor in 0.20 ms, found 0 plugins.
Preloading 0 native plugins for Editor in 0.00 ms.
Unloading 1108 Unused Serialized files (Serialized files now loaded: 0)
System memory in use before: 57.0 MB.
System memory in use after: 57.1 MB.

Unloading 5 unused Assets to reduce memory usage. Loaded Objects now: 1561.
Total: 1.603000 ms (FindLiveObjects: 0.124600 ms CreateObjectMapping: 0.034800 ms MarkObjects: 1.386500 ms  DeleteObjects: 0.056100 ms)

========================================================================
Received Prepare
Registering precompiled user dll's ...
Registered in 0.000571 seconds.
Begin MonoManager ReloadAssembly
Native extension for WindowsStandalone target not found
Refreshing native plugins compatible for Editor in 0.19 ms, found 0 plugins.
Preloading 0 native plugins for Editor in 0.00 ms.
Invoked RoslynAnalysisRunner static constructor.
RoslynAnalysisRunner will not be running.
RoslynAnalysisRunner has terminated.
Mono: successfully reloaded assembly
- Completed reload, in  0.729 seconds
Platform modules already initialized, skipping
Refreshing native plugins compatible for Editor in 0.21 ms, found 0 plugins.
Preloading 0 native plugins for Editor in 0.00 ms.
Unloading 1108 Unused Serialized files (Serialized files now loaded: 0)
System memory in use before: 57.0 MB.
System memory in use after: 57.1 MB.

Unloading 5 unused Assets to reduce memory usage. Loaded Objects now: 1563.
Total: 1.868600 ms (FindLiveObjects: 0.157900 ms CreateObjectMapping: 0.045600 ms MarkObjects: 1.614600 ms  DeleteObjects: 0.049500 ms)

========================================================================
Received Prepare
Registering precompiled user dll's ...
Registered in 0.000491 seconds.
Begin MonoManager ReloadAssembly
Native extension for WindowsStandalone target not found
Refreshing native plugins compatible for Editor in 0.18 ms, found 0 plugins.
Preloading 0 native plugins for Editor in 0.00 ms.
Invoked RoslynAnalysisRunner static constructor.
RoslynAnalysisRunner will not be running.
RoslynAnalysisRunner has terminated.
Mono: successfully reloaded assembly
- Completed reload, in  0.771 seconds
Platform modules already initialized, skipping
Refreshing native plugins compatible for Editor in 0.22 ms, found 0 plugins.
Preloading 0 native plugins for Editor in 0.00 ms.
Unloading 1108 Unused Serialized files (Serialized files now loaded: 0)
System memory in use before: 57.1 MB.
System memory in use after: 57.1 MB.

Unloading 5 unused Assets to reduce memory usage. Loaded Objects now: 1565.
Total: 1.953500 ms (FindLiveObjects: 0.186000 ms CreateObjectMapping: 0.044400 ms MarkObjects: 1.665600 ms  DeleteObjects: 0.055500 ms)

========================================================================
Received Import Request.
  Time since last request: 839.854785 seconds.
  path: Assets/__Scripts/ScoreManager.cs
  artifactKey: Guid(d33c6e0c6d161354eb8044142e1345ab) Importer(815301076,1909f56bfc062723c751e8b465ee728b)
Start importing Assets/__Scripts/ScoreManager.cs using Guid(d33c6e0c6d161354eb8044142e1345ab) Importer(815301076,1909f56bfc062723c751e8b465ee728b)  -> (artifact id: '2a3a64d4c440dcc056d9d0eaa8b9c1f8') in 0.003644 seconds
  Import took 0.005398 seconds .

========================================================================
Received Prepare
Registering precompiled user dll's ...
Registered in 0.000717 seconds.
Begin MonoManager ReloadAssembly
Native extension for WindowsStandalone target not found
Refreshing native plugins compatible for Editor in 0.21 ms, found 0 plugins.
Preloading 0 native plugins for Editor in 0.00 ms.
Invoked RoslynAnalysisRunner static constructor.
RoslynAnalysisRunner will not be running.
RoslynAnalysisRunner has terminated.
Mono: successfully reloaded assembly
- Completed reload, in  0.763 seconds
Platform modules already initialized, skipping
Refreshing native plugins compatible for Editor in 0.18 ms, found 0 plugins.
Preloading 0 native plugins for Editor in 0.00 ms.
Unloading 1108 Unused Serialized files (Serialized files now loaded: 0)
System memory in use before: 57.1 MB.
System memory in use after: 57.1 MB.

Unloading 5 unused Assets to reduce memory usage. Loaded Objects now: 1567.
Total: 1.591700 ms (FindLiveObjects: 0.122200 ms CreateObjectMapping: 0.032400 ms MarkObjects: 1.387200 ms  DeleteObjects: 0.048100 ms)

========================================================================
Received Import Request.
  Time since last request: 1086.784424 seconds.
  path: Assets/Materials & Textures/Mat_Letter.mat
  artifactKey: Guid(7b899382f07438c4aa9b934909ef52a5) Importer(815301076,1909f56bfc062723c751e8b465ee728b)
Start importing Assets/Materials & Textures/Mat_Letter.mat using Guid(7b899382f07438c4aa9b934909ef52a5) Importer(815301076,1909f56bfc062723c751e8b465ee728b)  -> (artifact id: 'd5d6284c3988011099e88471da7c11d6') in 0.536088 seconds
  Import took 0.539343 seconds .

========================================================================
Received Prepare
Registering precompiled user dll's ...
Registered in 0.000567 seconds.
Begin MonoManager ReloadAssembly
Native extension for WindowsStandalone target not found
Refreshing native plugins compatible for Editor in 0.35 ms, found 0 plugins.
Preloading 0 native plugins for Editor in 0.00 ms.
Invoked RoslynAnalysisRunner static constructor.
RoslynAnalysisRunner will not be running.
RoslynAnalysisRunner has terminated.
Mono: successfully reloaded assembly
- Completed reload, in  0.851 seconds
Platform modules already initialized, skipping
Refreshing native plugins compatible for Editor in 0.49 ms, found 0 plugins.
Preloading 0 native plugins for Editor in 0.00 ms.
Unloading 1108 Unused Serialized files (Serialized files now loaded: 0)
System memory in use before: 60.4 MB.
System memory in use after: 60.5 MB.

Unloading 5 unused Assets to reduce memory usage. Loaded Objects now: 1609.
Total: 2.186300 ms (FindLiveObjects: 0.162400 ms CreateObjectMapping: 0.040500 ms MarkObjects: 1.929700 ms  DeleteObjects: 0.052000 ms)

AssetImportWorkerClient::OnTransportError - code=2 error=End of file
