Using pre-set license
Built from '2020.2/staging' branch; Version is '2020.2.5f1 (e2c53f129de5) revision 14861631'; Using compiler version '192528614'; Build Type 'Release'
OS: 'Windows 10 Home; OS build 19041.928; Version 2004; 64bit' Language: 'ru' Physical Memory: 8029 MB
BatchMode: 1, IsHumanControllingUs: 0, StartBugReporterOnCrash: 0, Is64bit: 1, IsPro: 0

 COMMAND LINE ARGUMENTS:
D:\Unity\2020.2.5f1\Editor\Unity.exe
-adb2
-batchMode
-noUpm
-name
AssetImportWorker0
-projectPath
D:/UnityProject/Word Game/Word Game
-logFile
Logs/AssetImportWorker0.log
-srvPort
61341
Successfully changed project path to: D:/UnityProject/Word Game/Word Game
D:/UnityProject/Word Game/Word Game
Using Asset Import Pipeline V2.
Refreshing native plugins compatible for Editor in 20.90 ms, found 0 plugins.
Preloading 0 native plugins for Editor in 0.00 ms.
Initialize engine version: 2020.2.5f1 (e2c53f129de5)
[Subsystems] Discovering subsystems at path D:/Unity/2020.2.5f1/Editor/Data/Resources/UnitySubsystems
[Subsystems] Discovering subsystems at path D:/UnityProject/Word Game/Word Game/Assets
GfxDevice: creating device client; threaded=0
Direct3D:
    Version:  Direct3D 11.0 [level 11.1]
    Renderer: NVIDIA GeForce GTX 1660 Ti (ID=0x2191)
    Vendor:   
    VRAM:     5991 MB
    Driver:   27.21.14.5167
Initialize mono
Mono path[0] = 'D:/Unity/2020.2.5f1/Editor/Data/Managed'
Mono path[1] = 'D:/Unity/2020.2.5f1/Editor/Data/MonoBleedingEdge/lib/mono/unityjit'
Mono config path = 'D:/Unity/2020.2.5f1/Editor/Data/MonoBleedingEdge/etc'
Using monoOptions --debugger-agent=transport=dt_socket,embedding=1,server=y,suspend=n,address=127.0.0.1:56880
Begin MonoManager ReloadAssembly
Registering precompiled unity dll's ...
Register platform support module: D:/Unity/2020.2.5f1/Editor/Data/PlaybackEngines/WindowsStandaloneSupport/UnityEditor.WindowsStandalone.Extensions.dll
Registered in 0.001087 seconds.
Native extension for WindowsStandalone target not found
Refreshing native plugins compatible for Editor in 19.84 ms, found 0 plugins.
Preloading 0 native plugins for Editor in 0.00 ms.
Invoked RoslynAnalysisRunner static constructor.
RoslynAnalysisRunner will not be running.
RoslynAnalysisRunner has terminated.
Mono: successfully reloaded assembly
- Completed reload, in  1.372 seconds
Platform modules already initialized, skipping
Registering precompiled user dll's ...
Registered in 0.000503 seconds.
Begin MonoManager ReloadAssembly
Native extension for WindowsStandalone target not found
Refreshing native plugins compatible for Editor in 0.18 ms, found 0 plugins.
Preloading 0 native plugins for Editor in 0.00 ms.
Invoked RoslynAnalysisRunner static constructor.
RoslynAnalysisRunner will not be running.
RoslynAnalysisRunner has terminated.
Mono: successfully reloaded assembly
- Completed reload, in  0.718 seconds
Platform modules already initialized, skipping
========================================================================
Worker process is ready to serve import requests
Launched and connected shader compiler UnityShaderCompiler.exe after 0.04 seconds
Refreshing native plugins compatible for Editor in 0.19 ms, found 0 plugins.
Preloading 0 native plugins for Editor in 0.00 ms.
Unloading 1108 Unused Serialized files (Serialized files now loaded: 0)
System memory in use before: 56.8 MB.
System memory in use after: 56.9 MB.

Unloading 10 unused Assets to reduce memory usage. Loaded Objects now: 1549.
Total: 1.838400 ms (FindLiveObjects: 0.291100 ms CreateObjectMapping: 0.087600 ms MarkObjects: 1.387400 ms  DeleteObjects: 0.071000 ms)

========================================================================
Received Import Request.
  path: Assets/__WordGame_Scene_0.unity
  artifactKey: Guid(71b3942c7a4794ef8ac171268f62e219) Importer(815301076,1909f56bfc062723c751e8b465ee728b)
Start importing Assets/__WordGame_Scene_0.unity using Guid(71b3942c7a4794ef8ac171268f62e219) Importer(815301076,1909f56bfc062723c751e8b465ee728b)  -> (artifact id: '60142c7d0b76af70dd0ded4fec3673e8') in 0.013111 seconds
  Import took 0.015031 seconds .

========================================================================
Received Import Request.
  Time since last request: 16.162009 seconds.
  path: Assets/__Scripts
  artifactKey: Guid(02c1bf8eb05dc4776bbbee4976acdacf) Importer(815301076,1909f56bfc062723c751e8b465ee728b)
Start importing Assets/__Scripts using Guid(02c1bf8eb05dc4776bbbee4976acdacf) Importer(815301076,1909f56bfc062723c751e8b465ee728b)  -> (artifact id: 'b741c5865031e55281bdfaf0daf345bc') in 0.008585 seconds
  Import took 0.011381 seconds .

========================================================================
Received Import Request.
  Time since last request: 1.036699 seconds.
  path: Assets/__Scripts/ProtoTools
  artifactKey: Guid(261091ded01004c69bcb0e050eef3624) Importer(815301076,1909f56bfc062723c751e8b465ee728b)
Start importing Assets/__Scripts/ProtoTools using Guid(261091ded01004c69bcb0e050eef3624) Importer(815301076,1909f56bfc062723c751e8b465ee728b)  -> (artifact id: '709896fc273d38f5d3b0f0192777e6d9') in 0.008963 seconds
  Import took 0.011241 seconds .

========================================================================
Received Import Request.
  Time since last request: 11.054206 seconds.
  path: Assets/_Prefabs
  artifactKey: Guid(b70cddfc2904f424b96d5b09a6ae96fd) Importer(815301076,1909f56bfc062723c751e8b465ee728b)
Start importing Assets/_Prefabs using Guid(b70cddfc2904f424b96d5b09a6ae96fd) Importer(815301076,1909f56bfc062723c751e8b465ee728b)  -> (artifact id: 'bc2dc6798325f18501c9e47a30a192a2') in 0.013427 seconds
  Import took 0.016520 seconds .

========================================================================
Received Import Request.
  Time since last request: 0.059193 seconds.
  path: Assets/_Prefabs/PrefabFloatingScore.prefab
  artifactKey: Guid(af5936910f13b463c8f7470b080520a1) Importer(815301076,1909f56bfc062723c751e8b465ee728b)
Start importing Assets/_Prefabs/PrefabFloatingScore.prefab using Guid(af5936910f13b463c8f7470b080520a1) Importer(815301076,1909f56bfc062723c751e8b465ee728b)  -> (artifact id: '2452a1096cfb652018f11c7d0839ee15') in 0.080179 seconds
  Import took 0.082516 seconds .

========================================================================
Received Import Request.
  Time since last request: 0.000296 seconds.
  path: Assets/_Prefabs/Scoreboard.prefab
  artifactKey: Guid(19cec85269b9744ac9a379c2af612e47) Importer(815301076,1909f56bfc062723c751e8b465ee728b)
Start importing Assets/_Prefabs/Scoreboard.prefab using Guid(19cec85269b9744ac9a379c2af612e47) Importer(815301076,1909f56bfc062723c751e8b465ee728b)  -> (artifact id: 'f096699f57c03c39300a633c2eb0096d') in 0.017366 seconds
  Import took 0.020328 seconds .

========================================================================
Received Prepare
Registering precompiled user dll's ...
Registered in 0.000476 seconds.
Begin MonoManager ReloadAssembly
Native extension for WindowsStandalone target not found
Refreshing native plugins compatible for Editor in 0.19 ms, found 0 plugins.
Preloading 0 native plugins for Editor in 0.00 ms.
Invoked RoslynAnalysisRunner static constructor.
RoslynAnalysisRunner will not be running.
RoslynAnalysisRunner has terminated.
Mono: successfully reloaded assembly
- Completed reload, in  0.739 seconds
Platform modules already initialized, skipping
Refreshing native plugins compatible for Editor in 0.20 ms, found 0 plugins.
Preloading 0 native plugins for Editor in 0.00 ms.
Unloading 1102 Unused Serialized files (Serialized files now loaded: 0)
System memory in use before: 56.8 MB.
System memory in use after: 56.9 MB.

Unloading 5 unused Assets to reduce memory usage. Loaded Objects now: 1553.
Total: 1.646700 ms (FindLiveObjects: 0.128100 ms CreateObjectMapping: 0.033200 ms MarkObjects: 1.440600 ms  DeleteObjects: 0.044000 ms)

========================================================================
Received Prepare
Registering precompiled user dll's ...
Registered in 0.000490 seconds.
Begin MonoManager ReloadAssembly
Native extension for WindowsStandalone target not found
Refreshing native plugins compatible for Editor in 0.19 ms, found 0 plugins.
Preloading 0 native plugins for Editor in 0.00 ms.
Invoked RoslynAnalysisRunner static constructor.
RoslynAnalysisRunner will not be running.
RoslynAnalysisRunner has terminated.
Mono: successfully reloaded assembly
- Completed reload, in  0.722 seconds
Platform modules already initialized, skipping
Refreshing native plugins compatible for Editor in 0.19 ms, found 0 plugins.
Preloading 0 native plugins for Editor in 0.00 ms.
Unloading 1102 Unused Serialized files (Serialized files now loaded: 0)
System memory in use before: 56.8 MB.
System memory in use after: 56.9 MB.

Unloading 5 unused Assets to reduce memory usage. Loaded Objects now: 1555.
Total: 1.779400 ms (FindLiveObjects: 0.199400 ms CreateObjectMapping: 0.060400 ms MarkObjects: 1.472800 ms  DeleteObjects: 0.045600 ms)

========================================================================
Received Prepare
Registering precompiled user dll's ...
Registered in 0.000524 seconds.
Begin MonoManager ReloadAssembly
Native extension for WindowsStandalone target not found
Refreshing native plugins compatible for Editor in 0.19 ms, found 0 plugins.
Preloading 0 native plugins for Editor in 0.00 ms.
Invoked RoslynAnalysisRunner static constructor.
RoslynAnalysisRunner will not be running.
RoslynAnalysisRunner has terminated.
Mono: successfully reloaded assembly
- Completed reload, in  0.704 seconds
Platform modules already initialized, skipping
Refreshing native plugins compatible for Editor in 0.19 ms, found 0 plugins.
Preloading 0 native plugins for Editor in 0.00 ms.
Unloading 1102 Unused Serialized files (Serialized files now loaded: 0)
System memory in use before: 56.8 MB.
System memory in use after: 56.9 MB.

Unloading 5 unused Assets to reduce memory usage. Loaded Objects now: 1557.
Total: 1.675100 ms (FindLiveObjects: 0.154800 ms CreateObjectMapping: 0.042600 ms MarkObjects: 1.430700 ms  DeleteObjects: 0.045500 ms)

========================================================================
Received Import Request.
  Time since last request: 533.740492 seconds.
  path: Assets/__Scripts/WordList.cs
  artifactKey: Guid(ea635e161ab350d428631db48fad3a48) Importer(815301076,1909f56bfc062723c751e8b465ee728b)
Start importing Assets/__Scripts/WordList.cs using Guid(ea635e161ab350d428631db48fad3a48) Importer(815301076,1909f56bfc062723c751e8b465ee728b)  -> (artifact id: '0c3ec23ab8d05a08af6c874a46ef86c0') in 0.017611 seconds
  Import took 0.029724 seconds .

========================================================================
Received Prepare
Registering precompiled user dll's ...
Registered in 0.000513 seconds.
Begin MonoManager ReloadAssembly
Native extension for WindowsStandalone target not found
Refreshing native plugins compatible for Editor in 0.19 ms, found 0 plugins.
Preloading 0 native plugins for Editor in 0.00 ms.
Invoked RoslynAnalysisRunner static constructor.
RoslynAnalysisRunner will not be running.
RoslynAnalysisRunner has terminated.
Mono: successfully reloaded assembly
- Completed reload, in  0.692 seconds
Platform modules already initialized, skipping
Refreshing native plugins compatible for Editor in 0.19 ms, found 0 plugins.
Preloading 0 native plugins for Editor in 0.00 ms.
Unloading 1103 Unused Serialized files (Serialized files now loaded: 0)
System memory in use before: 56.9 MB.
System memory in use after: 56.9 MB.

Unloading 5 unused Assets to reduce memory usage. Loaded Objects now: 1560.
Total: 1.687200 ms (FindLiveObjects: 0.172000 ms CreateObjectMapping: 0.053900 ms MarkObjects: 1.409600 ms  DeleteObjects: 0.050800 ms)

========================================================================
Received Import Request.
  Time since last request: 3.435573 seconds.
  path: Assets/_Prefabs/Scoreboard.prefab
  artifactKey: Guid(19cec85269b9744ac9a379c2af612e47) Importer(815301076,1909f56bfc062723c751e8b465ee728b)
Start importing Assets/_Prefabs/Scoreboard.prefab using Guid(19cec85269b9744ac9a379c2af612e47) Importer(815301076,1909f56bfc062723c751e8b465ee728b)  -> (artifact id: '0442831bba2caca749c29e7a1f51c29b') in 0.026053 seconds
  Import took 0.027777 seconds .

========================================================================
Received Import Request.
  Time since last request: 11.275845 seconds.
  path: Assets/_Prefabs/Scoreboard.prefab
  artifactKey: Guid(19cec85269b9744ac9a379c2af612e47) Importer(815301076,1909f56bfc062723c751e8b465ee728b)
Start importing Assets/_Prefabs/Scoreboard.prefab using Guid(19cec85269b9744ac9a379c2af612e47) Importer(815301076,1909f56bfc062723c751e8b465ee728b)  -> (artifact id: 'dd7b0c5683a361a4d93fdccb6edce0cf') in 0.003163 seconds
  Import took 0.005445 seconds .

========================================================================
Received Import Request.
  Time since last request: 0.007231 seconds.
  path: Assets/_Prefabs/Scoreboard.prefab
  artifactKey: Guid(19cec85269b9744ac9a379c2af612e47) Importer(815301076,1909f56bfc062723c751e8b465ee728b)
Start importing Assets/_Prefabs/Scoreboard.prefab using Guid(19cec85269b9744ac9a379c2af612e47) Importer(815301076,1909f56bfc062723c751e8b465ee728b)  -> (artifact id: 'dd7b0c5683a361a4d93fdccb6edce0cf') in 0.002797 seconds
  Import took 0.004686 seconds .

========================================================================
Received Import Request.
  Time since last request: 25.751111 seconds.
  path: Assets/_Prefabs/Scoreboard.prefab
  artifactKey: Guid(19cec85269b9744ac9a379c2af612e47) Importer(815301076,1909f56bfc062723c751e8b465ee728b)
Start importing Assets/_Prefabs/Scoreboard.prefab using Guid(19cec85269b9744ac9a379c2af612e47) Importer(815301076,1909f56bfc062723c751e8b465ee728b)  -> (artifact id: 'e6e96f99b2b6d65b14447c1e2dbeda15') in 0.002838 seconds
  Import took 0.074376 seconds .

========================================================================
Received Import Request.
  Time since last request: 10.412620 seconds.
  path: Assets/__Scripts/ProtoTools/Scoreboard.cs
  artifactKey: Guid(c4cb11f23840a4a50991d905ccc9e831) Importer(815301076,1909f56bfc062723c751e8b465ee728b)
Start importing Assets/__Scripts/ProtoTools/Scoreboard.cs using Guid(c4cb11f23840a4a50991d905ccc9e831) Importer(815301076,1909f56bfc062723c751e8b465ee728b)  -> (artifact id: '622ff46a0c48b599ebb2d53a4f352a4e') in 0.002056 seconds
  Import took 0.003771 seconds .

========================================================================
Received Import Request.
  Time since last request: 0.002034 seconds.
  path: Assets/__Scripts/ProtoTools/Scoreboard.cs
  artifactKey: Guid(c4cb11f23840a4a50991d905ccc9e831) Importer(815301076,1909f56bfc062723c751e8b465ee728b)
Start importing Assets/__Scripts/ProtoTools/Scoreboard.cs using Guid(c4cb11f23840a4a50991d905ccc9e831) Importer(815301076,1909f56bfc062723c751e8b465ee728b)  -> (artifact id: '622ff46a0c48b599ebb2d53a4f352a4e') in 0.002070 seconds
  Import took 0.003720 seconds .

========================================================================
Received Import Request.
  Time since last request: 27.966312 seconds.
  path: Assets/_Prefabs/Scoreboards.prefab
  artifactKey: Guid(19cec85269b9744ac9a379c2af612e47) Importer(815301076,1909f56bfc062723c751e8b465ee728b)
Start importing Assets/_Prefabs/Scoreboards.prefab using Guid(19cec85269b9744ac9a379c2af612e47) Importer(815301076,1909f56bfc062723c751e8b465ee728b)  -> (artifact id: '42908ad985745b690e718c4f4944f05b') in 0.011491 seconds
  Import took 0.075343 seconds .

========================================================================
Received Import Request.
  Time since last request: 14.759652 seconds.
  path: Assets/__Scripts/ProtoTools/Scoreboards.cs
  artifactKey: Guid(c4cb11f23840a4a50991d905ccc9e831) Importer(815301076,1909f56bfc062723c751e8b465ee728b)
Start importing Assets/__Scripts/ProtoTools/Scoreboards.cs using Guid(c4cb11f23840a4a50991d905ccc9e831) Importer(815301076,1909f56bfc062723c751e8b465ee728b)  -> (artifact id: '52fdbc48ff8a855176076dcaac5a17fc') in 0.002820 seconds
  Import took 0.004827 seconds .

========================================================================
Received Prepare
Registering precompiled user dll's ...
Registered in 0.000583 seconds.
Begin MonoManager ReloadAssembly
Native extension for WindowsStandalone target not found
Refreshing native plugins compatible for Editor in 0.19 ms, found 0 plugins.
Preloading 0 native plugins for Editor in 0.00 ms.
Invoked RoslynAnalysisRunner static constructor.
RoslynAnalysisRunner will not be running.
RoslynAnalysisRunner has terminated.
Mono: successfully reloaded assembly
- Completed reload, in  0.753 seconds
Platform modules already initialized, skipping
Refreshing native plugins compatible for Editor in 0.18 ms, found 0 plugins.
Preloading 0 native plugins for Editor in 0.00 ms.
Unloading 1103 Unused Serialized files (Serialized files now loaded: 0)
System memory in use before: 56.9 MB.
System memory in use after: 56.9 MB.

Unloading 5 unused Assets to reduce memory usage. Loaded Objects now: 1562.
Total: 2.260700 ms (FindLiveObjects: 0.426600 ms CreateObjectMapping: 0.062100 ms MarkObjects: 1.707700 ms  DeleteObjects: 0.062400 ms)

AssetImportWorkerClient::OnTransportError - code=2 error=End of file
